<?xml version="1.0" encoding="UTF-8"?>
<!-- Generated by org.testng.reporters.JUnitReportReporter -->
<testsuite hostname="DESKTOP-Manoj" failures="0" tests="1" name="basicweb.FirstTestClass" time="6.132" errors="0" timestamp="2024-09-02T14:12:24 IST" skipped="0">
  <testcase classname="basicweb.FirstTestClass" name="testAmazonPage" time="6.132"/>
</testsuite> <!-- basicweb.FirstTestClass -->
